Using pre-set license
Built from '2020.3/staging' branch; Version is '2020.3.25f1 (9b9180224418) revision 10195328'; Using compiler version '192528614'; Build Type 'Release'
OS: 'Windows 10  (10.0.19041) 64bit Professional' Language: 'es' Physical Memory: 16341 MB
BatchMode: 1, IsHumanControllingUs: 0, StartBugReporterOnCrash: 0, Is64bit: 1, IsPro: 0

COMMAND LINE ARGUMENTS:
C:\Program Files\Unity\Hub\Editor\2020.3.25f1\Editor\Unity.exe
-adb2
-batchMode
-noUpm
-name
AssetImportWorker0
-projectPath
Z:/UnityProjects/BallGame
-logFile
Logs/AssetImportWorker0.log
-srvPort
7611
Successfully changed project path to: Z:/UnityProjects/BallGame
Z:/UnityProjects/BallGame
Using Asset Import Pipeline V2.
Refreshing native plugins compatible for Editor in 81.54 ms, found 3 plugins.
Preloading 0 native plugins for Editor in 0.00 ms.
Initialize engine version: 2020.3.25f1 (9b9180224418)
[Subsystems] Discovering subsystems at path C:/Program Files/Unity/Hub/Editor/2020.3.25f1/Editor/Data/Resources/UnitySubsystems
[Subsystems] Discovering subsystems at path Z:/UnityProjects/BallGame/Assets
GfxDevice: creating device client; threaded=0
Direct3D:
    Version:  Direct3D 11.0 [level 11.1]
    Renderer: NVIDIA GeForce GTX 1060 6GB (ID=0x1c03)
    Vendor:   
    VRAM:     6052 MB
    Driver:   27.21.14.5671
Initialize mono
Mono path[0] = 'C:/Program Files/Unity/Hub/Editor/2020.3.25f1/Editor/Data/Managed'
Mono path[1] = 'C:/Program Files/Unity/Hub/Editor/2020.3.25f1/Editor/Data/MonoBleedingEdge/lib/mono/unityjit'
Mono config path = 'C:/Program Files/Unity/Hub/Editor/2020.3.25f1/Editor/Data/MonoBleedingEdge/etc'
Using monoOptions --debugger-agent=transport=dt_socket,embedding=1,server=y,suspend=n,address=127.0.0.1:56528
Begin MonoManager ReloadAssembly
Registering precompiled unity dll's ...
Register platform support module: C:/Program Files/Unity/Hub/Editor/2020.3.25f1/Editor/Data/PlaybackEngines/WindowsStandaloneSupport/UnityEditor.WindowsStandalone.Extensions.dll
Registered in 0.003201 seconds.
Native extension for WindowsStandalone target not found
Refreshing native plugins compatible for Editor in 54.04 ms, found 3 plugins.
Preloading 0 native plugins for Editor in 0.00 ms.
Mono: successfully reloaded assembly
- Completed reload, in  0.928 seconds
Domain Reload Profiling:
	ReloadAssembly (929ms)
		BeginReloadAssembly (135ms)
			ExecutionOrderSort (0ms)
			DisableScriptedObjects (0ms)
			BackupInstance (0ms)
			ReleaseScriptingObjects (0ms)
			CreateAndSetChildDomain (1ms)
		EndReloadAssembly (689ms)
			LoadAssemblies (131ms)
			RebuildTransferFunctionScriptingTraits (0ms)
			SetupTypeCache (279ms)
			ReleaseScriptCaches (0ms)
			RebuildScriptCaches (31ms)
			SetupLoadedEditorAssemblies (209ms)
				LogAssemblyErrors (0ms)
				InitializePlatformSupportModulesInManaged (4ms)
				SetLoadedEditorAssemblies (0ms)
				RefreshPlugins (54ms)
				BeforeProcessingInitializeOnLoad (16ms)
				ProcessInitializeOnLoadAttributes (105ms)
				ProcessInitializeOnLoadMethodAttributes (29ms)
				AfterProcessingInitializeOnLoad (0ms)
				EditorAssembliesLoaded (0ms)
			ExecutionOrderSort2 (0ms)
			AwakeInstancesAfterBackupRestoration (0ms)
Platform modules already initialized, skipping
Registering precompiled user dll's ...
Registered in 0.003639 seconds.
Begin MonoManager ReloadAssembly
Native extension for WindowsStandalone target not found
Refreshing native plugins compatible for Editor in 78.59 ms, found 3 plugins.
Preloading 0 native plugins for Editor in 0.00 ms.
Mono: successfully reloaded assembly
- Completed reload, in  1.422 seconds
Domain Reload Profiling:
	ReloadAssembly (1423ms)
		BeginReloadAssembly (195ms)
			ExecutionOrderSort (0ms)
			DisableScriptedObjects (5ms)
			BackupInstance (0ms)
			ReleaseScriptingObjects (0ms)
			CreateAndSetChildDomain (18ms)
		EndReloadAssembly (1155ms)
			LoadAssemblies (138ms)
			RebuildTransferFunctionScriptingTraits (0ms)
			SetupTypeCache (390ms)
			ReleaseScriptCaches (0ms)
			RebuildScriptCaches (57ms)
			SetupLoadedEditorAssemblies (416ms)
				LogAssemblyErrors (0ms)
				InitializePlatformSupportModulesInManaged (4ms)
				SetLoadedEditorAssemblies (0ms)
				RefreshPlugins (79ms)
				BeforeProcessingInitializeOnLoad (85ms)
				ProcessInitializeOnLoadAttributes (219ms)
				ProcessInitializeOnLoadMethodAttributes (20ms)
				AfterProcessingInitializeOnLoad (9ms)
				EditorAssembliesLoaded (0ms)
			ExecutionOrderSort2 (0ms)
			AwakeInstancesAfterBackupRestoration (7ms)
Platform modules already initialized, skipping
========================================================================
Worker process is ready to serve import requests
Launched and connected shader compiler UnityShaderCompiler.exe after 0.05 seconds
Refreshing native plugins compatible for Editor in 0.71 ms, found 3 plugins.
Preloading 0 native plugins for Editor in 0.00 ms.
Unloading 2319 Unused Serialized files (Serialized files now loaded: 0)
System memory in use before: 101.3 MB.
System memory in use after: 101.5 MB.

Unloading 41 unused Assets to reduce memory usage. Loaded Objects now: 2740.
Total: 4.052500 ms (FindLiveObjects: 0.199900 ms CreateObjectMapping: 0.117800 ms MarkObjects: 3.656300 ms  DeleteObjects: 0.076700 ms)

AssetImportParameters requested are different than current active one (requested -> active):
  custom:framework-win-MediaFoundation: 216162199b28c13a410421893ffa2e32 -> 
  custom:video-decoder-ogg-theora: a1e56fd34408186e4bbccfd4996cb3dc -> 
  custom:container-muxer-webm: aa71ff27fc2769a1b78a27578f13a17b -> 
  custom:container-demuxer-webm: 4f35f7cbe854078d1ac9338744f61a02 -> 
  custom:container-demuxer-ogg: 62fdf1f143b41e24485cea50d1cbac27 -> 
  custom:video-encoder-webm-vp8: eb34c28f22e8b96e1ab97ce403110664 -> 
  custom:video-codec-MediaFoundation-h265: 746d11721c4dcdbdad8f713fa42b33f4 -> 
  custom:video-decoder-webm-vp8: 9c59270c3fd7afecdb556c50c9e8de78 -> 
  custom:audio-decoder-ogg-vorbis: bf7c407c2cedff20999df2af8eb42d56 -> 
  custom:audio-encoder-webm-vorbis: bf7c407c2cedff20999df2af8eb42d56 -> 
========================================================================
Received Import Request.
  path: Assets/Scenes/Level 0.unity
  artifactKey: Guid(ff058599bddaaf44dbe5d1849d814cc2) Importer(815301076,1909f56bfc062723c751e8b465ee728b)
Start importing Assets/Scenes/Level 0.unity using Guid(ff058599bddaaf44dbe5d1849d814cc2) Importer(815301076,1909f56bfc062723c751e8b465ee728b)  -> (artifact id: '30fd6387472ac5ed7b4f2bd802d8f400') in 0.014272 seconds 
  Import took 0.017965 seconds .

========================================================================
Received Import Request.
  Time since last request: 19.927776 seconds.
  path: Assets/Scenes/Level 3.unity
  artifactKey: Guid(d723c7ca25fc2f848be5f7c4022b30c5) Importer(815301076,1909f56bfc062723c751e8b465ee728b)
Start importing Assets/Scenes/Level 3.unity using Guid(d723c7ca25fc2f848be5f7c4022b30c5) Importer(815301076,1909f56bfc062723c751e8b465ee728b)  -> (artifact id: '7bd0f5c6d1973f60ee52edb09beb7f2b') in 0.002886 seconds 
  Import took 0.007207 seconds .

========================================================================
Received Import Request.
  Time since last request: 6.663904 seconds.
  path: Assets/Scenes/Level 4.unity
  artifactKey: Guid(9ac54045642fa454585fde1afdf9bda7) Importer(815301076,1909f56bfc062723c751e8b465ee728b)
Start importing Assets/Scenes/Level 4.unity using Guid(9ac54045642fa454585fde1afdf9bda7) Importer(815301076,1909f56bfc062723c751e8b465ee728b)  -> (artifact id: 'b1ba447fdfd69886757b0116adf7f890') in 0.003067 seconds 
  Import took 0.007079 seconds .

========================================================================
Received Import Request.
  Time since last request: 9.077130 seconds.
  path: Assets/Scenes/Level 5.unity
  artifactKey: Guid(78536a5da5bfef94ca032676a776102c) Importer(815301076,1909f56bfc062723c751e8b465ee728b)
Start importing Assets/Scenes/Level 5.unity using Guid(78536a5da5bfef94ca032676a776102c) Importer(815301076,1909f56bfc062723c751e8b465ee728b)  -> (artifact id: '7dcce74939d9053558b4981db1a10dfb') in 0.004377 seconds 
  Import took 0.009212 seconds .

========================================================================
Received Import Request.
  Time since last request: 10.270751 seconds.
  path: Assets/Scenes/Level 6.unity
  artifactKey: Guid(32edce6c68e184544a42b1afb2f5538e) Importer(815301076,1909f56bfc062723c751e8b465ee728b)
Start importing Assets/Scenes/Level 6.unity using Guid(32edce6c68e184544a42b1afb2f5538e) Importer(815301076,1909f56bfc062723c751e8b465ee728b)  -> (artifact id: '1fe20b8b52a77feca7c83d2a91bc6b3b') in 0.002692 seconds 
  Import took 0.008980 seconds .

========================================================================
Received Import Request.
  Time since last request: 5.275588 seconds.
  path: Assets/Scenes/Level 7.unity
  artifactKey: Guid(5397eec03214f3e44879f226d9750e9c) Importer(815301076,1909f56bfc062723c751e8b465ee728b)
Start importing Assets/Scenes/Level 7.unity using Guid(5397eec03214f3e44879f226d9750e9c) Importer(815301076,1909f56bfc062723c751e8b465ee728b)  -> (artifact id: '1deba32a4eea5954a1e5578809c80205') in 0.004390 seconds 
  Import took 0.008166 seconds .

========================================================================
Received Import Request.
  Time since last request: 13.016356 seconds.
  path: Assets/Scenes/Level 8.unity
  artifactKey: Guid(2dccbbd8105cf4244ac59d4cf3a85254) Importer(815301076,1909f56bfc062723c751e8b465ee728b)
Start importing Assets/Scenes/Level 8.unity using Guid(2dccbbd8105cf4244ac59d4cf3a85254) Importer(815301076,1909f56bfc062723c751e8b465ee728b)  -> (artifact id: '5b0b6b87e8501111393478fe16a9156e') in 0.002499 seconds 
  Import took 0.025598 seconds .

========================================================================
Received Import Request.
  Time since last request: 4.202030 seconds.
  path: Assets/Scenes/Level 9.unity
  artifactKey: Guid(1a2178c364ca3774c8635ca5f0632d23) Importer(815301076,1909f56bfc062723c751e8b465ee728b)
Start importing Assets/Scenes/Level 9.unity using Guid(1a2178c364ca3774c8635ca5f0632d23) Importer(815301076,1909f56bfc062723c751e8b465ee728b)  -> (artifact id: '5f8982359d41a9c73118061a0a10ee0f') in 0.004799 seconds 
  Import took 0.009371 seconds .

========================================================================
Received Import Request.
  Time since last request: 3.885761 seconds.
  path: Assets/Scenes/Level 10.unity
  artifactKey: Guid(b1b6b5f2629694d4ab93e29c51af5320) Importer(815301076,1909f56bfc062723c751e8b465ee728b)
Start importing Assets/Scenes/Level 10.unity using Guid(b1b6b5f2629694d4ab93e29c51af5320) Importer(815301076,1909f56bfc062723c751e8b465ee728b)  -> (artifact id: '9dff053c6cb4e458dee0737f25b56fab') in 0.004702 seconds 
  Import took 0.009255 seconds .

========================================================================
Received Import Request.
  Time since last request: 7.282613 seconds.
  path: Assets/Scenes/Level 11.unity
  artifactKey: Guid(801dbf2dbbd1c58408d0165e1e8c791e) Importer(815301076,1909f56bfc062723c751e8b465ee728b)
Start importing Assets/Scenes/Level 11.unity using Guid(801dbf2dbbd1c58408d0165e1e8c791e) Importer(815301076,1909f56bfc062723c751e8b465ee728b)  -> (artifact id: '40675109824ac31808dba062fbd566f4') in 0.008769 seconds 
  Import took 0.012455 seconds .

========================================================================
Received Import Request.
  Time since last request: 6.142602 seconds.
  path: Assets/Scenes/Level 12.unity
  artifactKey: Guid(74e1321ee9a220b4db65f62f3a085b4b) Importer(815301076,1909f56bfc062723c751e8b465ee728b)
Start importing Assets/Scenes/Level 12.unity using Guid(74e1321ee9a220b4db65f62f3a085b4b) Importer(815301076,1909f56bfc062723c751e8b465ee728b)  -> (artifact id: '83159331bb1dba976dcfb6b445951b08') in 0.001874 seconds 
  Import took 0.005847 seconds .

========================================================================
Received Import Request.
  Time since last request: 5.897624 seconds.
  path: Assets/Scenes/Level 13.unity
  artifactKey: Guid(962887999bc6cc24f8cd763a250667d0) Importer(815301076,1909f56bfc062723c751e8b465ee728b)
Start importing Assets/Scenes/Level 13.unity using Guid(962887999bc6cc24f8cd763a250667d0) Importer(815301076,1909f56bfc062723c751e8b465ee728b)  -> (artifact id: '0894535c11a74dcaf1a757b281daf1b6') in 0.002847 seconds 
  Import took 0.006322 seconds .

========================================================================
Received Prepare
Registering precompiled user dll's ...
Registered in 0.006949 seconds.
Begin MonoManager ReloadAssembly
Native extension for WindowsStandalone target not found
Refreshing native plugins compatible for Editor in 0.56 ms, found 3 plugins.
Preloading 0 native plugins for Editor in 0.00 ms.
Mono: successfully reloaded assembly
- Completed reload, in  1.337 seconds
Domain Reload Profiling:
	ReloadAssembly (1338ms)
		BeginReloadAssembly (122ms)
			ExecutionOrderSort (0ms)
			DisableScriptedObjects (8ms)
			BackupInstance (0ms)
			ReleaseScriptingObjects (0ms)
			CreateAndSetChildDomain (36ms)
		EndReloadAssembly (1136ms)
			LoadAssemblies (110ms)
			RebuildTransferFunctionScriptingTraits (0ms)
			SetupTypeCache (372ms)
			ReleaseScriptCaches (2ms)
			RebuildScriptCaches (79ms)
			SetupLoadedEditorAssemblies (408ms)
				LogAssemblyErrors (0ms)
				InitializePlatformSupportModulesInManaged (5ms)
				SetLoadedEditorAssemblies (1ms)
				RefreshPlugins (1ms)
				BeforeProcessingInitializeOnLoad (145ms)
				ProcessInitializeOnLoadAttributes (229ms)
				ProcessInitializeOnLoadMethodAttributes (16ms)
				AfterProcessingInitializeOnLoad (12ms)
				EditorAssembliesLoaded (0ms)
			ExecutionOrderSort2 (0ms)
			AwakeInstancesAfterBackupRestoration (13ms)
Platform modules already initialized, skipping
Switching build target platform(19) subTarget(0) extendedPlatform(0) -> platform(13) subTarget(537395200) extendedPlatform(0)
Refreshing native plugins compatible for Editor in 0.58 ms, found 3 plugins.
Preloading 0 native plugins for Editor in 0.00 ms.
Unloading 2298 Unused Serialized files (Serialized files now loaded: 0)
System memory in use before: 99.4 MB.
System memory in use after: 99.6 MB.

Unloading 30 unused Assets to reduce memory usage. Loaded Objects now: 2742.
Total: 3.102400 ms (FindLiveObjects: 0.233000 ms CreateObjectMapping: 0.104100 ms MarkObjects: 2.740600 ms  DeleteObjects: 0.023800 ms)

AssetImportParameters requested are different than current active one (requested -> active):
  custom:framework-win-MediaFoundation: 216162199b28c13a410421893ffa2e32 -> 
  custom:video-decoder-ogg-theora: a1e56fd34408186e4bbccfd4996cb3dc -> 
  custom:container-muxer-webm: aa71ff27fc2769a1b78a27578f13a17b -> 
  custom:container-demuxer-webm: 4f35f7cbe854078d1ac9338744f61a02 -> 
  custom:container-demuxer-ogg: 62fdf1f143b41e24485cea50d1cbac27 -> 
  custom:video-encoder-webm-vp8: eb34c28f22e8b96e1ab97ce403110664 -> 
  custom:video-codec-MediaFoundation-h265: 746d11721c4dcdbdad8f713fa42b33f4 -> 
  custom:video-decoder-webm-vp8: 9c59270c3fd7afecdb556c50c9e8de78 -> 
  custom:graphics/normal-map-encoding: 01000000000000000000000000000000 -> 02000000000000000000000000000000
  custom:audio-decoder-ogg-vorbis: bf7c407c2cedff20999df2af8eb42d56 -> 
  custom:audio-encoder-webm-vorbis: bf7c407c2cedff20999df2af8eb42d56 -> 
========================================================================
Received Import Request.
  Time since last request: 236.715931 seconds.
  path: Assets/Scenes/Level 15.unity
  artifactKey: Guid(35d54c6df0d242f4f9165819cbfb1205) Importer(815301076,1909f56bfc062723c751e8b465ee728b)
Start importing Assets/Scenes/Level 15.unity using Guid(35d54c6df0d242f4f9165819cbfb1205) Importer(815301076,1909f56bfc062723c751e8b465ee728b)  -> (artifact id: 'f7feac0bef3cae4ddace4616cce03b28') in 0.015423 seconds 
  Import took 0.019334 seconds .

AssetImportWorkerClient::OnTransportError - code=2 error=End of file
